#-----------------------------------------------------------
# Vivado v2017.4 (64-bit)
# SW Build 2086221 on Fri Dec 15 20:55:39 MST 2017
# IP Build 2085800 on Fri Dec 15 22:25:07 MST 2017
# Start of session at: Fri Feb 23 09:43:17 2018
# Process ID: 3024
# Current directory: C:/Users/chris/Documents/Lab_3
# Command line: vivado.exe -gui_launcher_event rodinguilauncherevent9780 C:\Users\chris\Documents\Lab_3\Lab_3.xpr
# Log file: C:/Users/chris/Documents/Lab_3/vivado.log
# Journal file: C:/Users/chris/Documents/Lab_3\vivado.jou
#-----------------------------------------------------------
start_gui
open_project C:/Users/chris/Documents/Lab_3/Lab_3.xpr
Scanning sources...
Finished scanning sources
INFO: [IP_Flow 19-234] Refreshing IP repositories
INFO: [IP_Flow 19-1704] No user IP repositories specified
INFO: [IP_Flow 19-2313] Loaded Vivado IP repository 'C:/Xilinx/Vivado/2017.4/data/ip'.
open_project: Time (s): cpu = 00:00:13 ; elapsed = 00:00:06 . Memory (MB): peak = 741.813 ; gain = 84.012
update_compile_order -fileset sources_1
exit
INFO: [Common 17-206] Exiting Vivado at Fri Feb 23 09:43:44 2018...
